生成启动时间为 2014/8/13 17:50:59。
     1>项目“C:\Users\chenhan\documents\visual studio 2010\Projects\game1\game1\game1.vcxproj”在节点 2 上(build 个目标)。
     1>InitializeBuildStatus:
         正在创建“Debug\game1.unsuccessfulbuild”，因为已指定“AlwaysCreate”。
       ClCompile:
         所有输出均为最新。
         D:\Microsoft Visual Studio 10.0\VC\bin\CL.exe /c /ZI /nologo /W3 /WX- /Od /Oy- /D WIN32 /D _DEBUG /D _CONSOLE /D _UNICODE /D UNICODE /Gm /EHsc /RTC1 /MDd /GS /fp:precise /Zc:wchar_t /Zc:forScope /Fo"Debug\\" /Fd"Debug\vc100.pdb" /Gd /TP /analyze- /errorReport:prompt game1.cpp
         game1.cpp
       Link:
         D:\Microsoft Visual Studio 10.0\VC\bin\link.exe /ERRORREPORT:PROMPT /OUT:"C:\Users\chenhan\documents\visual studio 2010\Projects\game1\Debug\game1.exe" /INCREMENTAL /NOLOGO winmm.lib kernel32.lib user32.lib gdi32.lib winspool.lib comdlg32.lib advapi32.lib shell32.lib ole32.lib oleaut32.lib uuid.lib odbc32.lib odbccp32.lib /MANIFEST:NO /DEBUG /PDB:"C:\Users\chenhan\documents\visual studio 2010\Projects\game1\Debug\game1.pdb" /SUBSYSTEM:CONSOLE /TLBID:1 /DYNAMICBASE /NXCOMPAT /IMPLIB:"C:\Users\chenhan\documents\visual studio 2010\Projects\game1\Debug\game1.lib" /MACHINE:X86 Debug\Character.obj
         Debug\Draw.obj
         Debug\Enemy.obj
         Debug\Fireball.obj
         Debug\Game.obj
         Debug\game1.obj
         Debug\Logic.obj
         Debug\Mage.obj
         Debug\Sprite.obj
         Debug\stdafx.obj
         Debug\Sword.obj
         Debug\Warrior.obj
         game1.vcxproj -> C:\Users\chenhan\documents\visual studio 2010\Projects\game1\Debug\game1.exe
       FinalizeBuildStatus:
         正在删除文件“Debug\game1.unsuccessfulbuild”。
         正在对“Debug\game1.lastbuildstate”执行 Touch 任务。
     1>已完成生成项目“C:\Users\chenhan\documents\visual studio 2010\Projects\game1\game1\game1.vcxproj”(build 个目标)的操作。

生成成功。

已用时间 00:00:00.70
